<?xml version="1.0" encoding="UTF-8"?>
<!-- Generated by org.testng.reporters.JUnitXMLReporter -->
<testsuite ignored="0" hostname="DESKTOP-3DCDJ18" failures="0" tests="3" name="Default test" time="16.702" errors="0" timestamp="2023-04-21T18:34:22 EET">
  <testcase classname="testCases.TestCases" name="assertFirstAlert" time="4.19"/>
  <testcase classname="testCases.TestCases" name="assertSecondAlert" time="4.084"/>
  <testcase classname="testCases.TestCases" name="assertThirdAlert" time="4.139"/>
</testsuite> <!-- Default test -->
