<?xml version="1.0" encoding="UTF-8"?>
<testng-results ignored="0" total="3" passed="3" failed="0" skipped="0">
  <reporter-output>
  </reporter-output>
  <suite started-at="2023-04-21T18:34:05 EET" name="Default suite" finished-at="2023-04-21T18:34:22 EET" duration-ms="16702">
    <groups>
    </groups>
    <test started-at="2023-04-21T18:34:05 EET" name="Default test" finished-at="2023-04-21T18:34:22 EET" duration-ms="16702">
      <class name="testCases.TestCases">
        <test-method is-config="true" signature="before()[pri:0, instance:testCases.TestCases@54f66455]" started-at="2023-04-21T18:34:05 EET" name="before" finished-at="2023-04-21T18:34:09 EET" duration-ms="4231" status="PASS">
          <reporter-output>
          </reporter-output>
        </test-method> <!-- before -->
        <test-method signature="assertFirstAlert()[pri:1, instance:testCases.TestCases@54f66455]" started-at="2023-04-21T18:34:09 EET" name="assertFirstAlert" finished-at="2023-04-21T18:34:13 EET" duration-ms="4190" status="PASS">
          <reporter-output>
          </reporter-output>
        </test-method> <!-- assertFirstAlert -->
        <test-method signature="assertSecondAlert()[pri:2, instance:testCases.TestCases@54f66455]" started-at="2023-04-21T18:34:13 EET" name="assertSecondAlert" finished-at="2023-04-21T18:34:17 EET" duration-ms="4084" status="PASS">
          <reporter-output>
          </reporter-output>
        </test-method> <!-- assertSecondAlert -->
        <test-method signature="assertThirdAlert()[pri:3, instance:testCases.TestCases@54f66455]" started-at="2023-04-21T18:34:17 EET" name="assertThirdAlert" finished-at="2023-04-21T18:34:22 EET" duration-ms="4139" status="PASS">
          <reporter-output>
          </reporter-output>
        </test-method> <!-- assertThirdAlert -->
        <test-method is-config="true" signature="After()[pri:0, instance:testCases.TestCases@54f66455]" started-at="2023-04-21T18:34:22 EET" name="After" finished-at="2023-04-21T18:34:22 EET" duration-ms="1" status="PASS">
          <reporter-output>
          </reporter-output>
        </test-method> <!-- After -->
      </class> <!-- testCases.TestCases -->
    </test> <!-- Default test -->
  </suite> <!-- Default suite -->
</testng-results>
